[2023-02-01T11:29:32.700] [INFO] http - ::ffff:127.0.0.1 - - "POST /dashboard/updateActionLines HTTP/1.1" 200 3482 "" "PostmanRuntime/7.28.4"
[2023-02-01T11:29:53.049] [INFO] http - ::1 - - "POST /dashboard/updateActionLines HTTP/1.1" 200 3482 "" "PostmanRuntime/7.28.4"
[2023-02-01T11:32:10.064] [ERROR] http - ::1 - - "POST /dashboard/getAllPosts HTTP/1.1" 404 161 "" "PostmanRuntime/7.28.4"
[2023-02-01T11:32:21.159] [INFO] http - ::1 - - "POST /dashboard/getPosts HTTP/1.1" 200 951 "" "PostmanRuntime/7.28.4"
[2023-02-01T11:33:25.460] [ERROR] http - ::1 - - "POST /dashboard/getPosts HTTP/1.1" 500 39 "" "PostmanRuntime/7.28.4"
[2023-02-01T11:34:56.926] [INFO] http - ::1 - - "POST /dashboard/updateActionLines HTTP/1.1" 200 3482 "" "PostmanRuntime/7.28.4"
[2023-02-01T11:35:55.525] [INFO] http - ::1 - - "POST /dashboard/updateActionLines HTTP/1.1" 200 3482 "" "PostmanRuntime/7.28.4"
[2023-02-01T11:37:18.193] [ERROR] http - ::ffff:127.0.0.1 - - "POST /dashboard/getPosts HTTP/1.1" 500 39 "" "PostmanRuntime/7.28.4"
[2023-02-01T11:37:35.298] [ERROR] http - ::1 - - "POST /dashboard/getPosts HTTP/1.1" 500 39 "" "PostmanRuntime/7.28.4"
[2023-02-01T11:39:45.591] [ERROR] http - ::1 - - "POST /dashboard/getPosts HTTP/1.1" 500 39 "" "PostmanRuntime/7.28.4"
[2023-02-01T11:40:14.163] [INFO] http - ::1 - - "POST /dashboard/getPosts HTTP/1.1" 200 951 "" "PostmanRuntime/7.28.4"
[2023-02-01T11:51:04.928] [INFO] http - ::1 - - "POST /dashboard/getPosts HTTP/1.1" 200 951 "" "PostmanRuntime/7.28.4"
[2023-02-01T11:51:24.593] [INFO] http - ::1 - - "POST /dashboard/getPosts HTTP/1.1" 200 951 "" "PostmanRuntime/7.28.4"
[2023-02-01T11:53:44.295] [ERROR] http - ::1 - - "POST /dashboard/getPosts HTTP/1.1" 500 39 "" "PostmanRuntime/7.28.4"
[2023-02-01T11:53:59.449] [ERROR] http - ::1 - - "POST /dashboard/getPosts HTTP/1.1" 500 39 "" "PostmanRuntime/7.28.4"
[2023-02-01T11:57:22.424] [ERROR] http - ::1 - - "POST /dashboard/getPosts HTTP/1.1" 500 39 "" "PostmanRuntime/7.28.4"
[2023-02-01T11:57:23.654] [ERROR] http - ::1 - - "POST /dashboard/getPosts HTTP/1.1" 500 39 "" "PostmanRuntime/7.28.4"
[2023-02-01T12:04:23.623] [INFO] http - ::1 - - "POST /dashboard/getPosts HTTP/1.1" 200 951 "" "PostmanRuntime/7.28.4"
[2023-02-01T12:25:46.455] [INFO] http - ::1 - - "POST /dashboard/getPosts HTTP/1.1" 200 951 "" "PostmanRuntime/7.28.4"
[2023-02-01T12:26:18.508] [INFO] http - ::1 - - "POST /dashboard/getPosts HTTP/1.1" 200 951 "" "PostmanRuntime/7.28.4"
[2023-02-01T12:28:48.130] [ERROR] http - ::1 - - "POST /dashboard/getPosts HTTP/1.1" 500 39 "" "PostmanRuntime/7.28.4"
[2023-02-01T12:28:56.980] [INFO] http - ::1 - - "POST /dashboard/updateActionLines HTTP/1.1" 200 3482 "" "PostmanRuntime/7.28.4"
[2023-02-01T12:29:02.407] [ERROR] http - ::1 - - "POST /dashboard/getPosts HTTP/1.1" 500 39 "" "PostmanRuntime/7.28.4"
[2023-02-01T12:29:25.309] [INFO] http - ::1 - - "POST /dashboard/getPosts HTTP/1.1" 200 951 "" "PostmanRuntime/7.28.4"
[2023-02-01T12:30:11.106] [ERROR] http - ::1 - - "POST /dashboard/getPosts HTTP/1.1" 500 68 "" "PostmanRuntime/7.28.4"
[2023-02-01T12:30:48.998] [INFO] http - ::1 - - "POST /dashboard/getPosts HTTP/1.1" 200 951 "" "PostmanRuntime/7.28.4"
