[2023-02-01T11:13:22.110] [INFO] startup - Express server listening on port  8080  with pid  27712
[2023-02-01T11:14:00.935] [INFO] startup - Express server listening on port  8080  with pid  39632
[2023-02-01T11:14:47.653] [INFO] startup - Express server listening on port  8080  with pid  58068
[2023-02-01T11:15:10.281] [INFO] startup - Express server listening on port  8080  with pid  43796
[2023-02-01T11:16:34.965] [INFO] startup - Express server listening on port  8080  with pid  26268
[2023-02-01T11:17:15.444] [INFO] startup - Express server listening on port  8080  with pid  4748
[2023-02-01T11:23:20.959] [INFO] startup - Express server listening on port  8080  with pid  36196
[2023-02-01T11:25:10.255] [INFO] startup - Express server listening on port  8080  with pid  31280
[2023-02-01T11:25:51.808] [INFO] startup - Express server listening on port  8080  with pid  40368
[2023-02-01T11:26:29.397] [INFO] startup - Express server listening on port  8080  with pid  59792
[2023-02-01T11:29:13.572] [INFO] startup - Express server listening on port  8080  with pid  60500
[2023-02-01T11:29:32.165] [INFO] startup - Express server listening on port  8080  with pid  38208
[2023-02-01T11:29:51.605] [INFO] startup - Express server listening on port  8080  with pid  57748
[2023-02-01T11:31:19.123] [DEBUG] index - This Is Dashboard Router
[2023-02-01T11:31:19.181] [INFO] startup - Express server listening on port  8080  with pid  26932
[2023-02-01T11:31:51.815] [ERROR] users - Oh noes, something has gone terribly wrong
[2023-02-01T11:31:51.817] [DEBUG] index - This Is Dashboard Router
[2023-02-01T11:31:51.879] [INFO] startup - Express server listening on port  8080  with pid  42996
[2023-02-01T11:32:35.514] [DEBUG] index - This Is Dashboard Router
[2023-02-01T11:32:35.573] [INFO] startup - Express server listening on port  8080  with pid  55736
[2023-02-01T11:32:56.064] [DEBUG] index - This Is Auth Router
[2023-02-01T11:32:56.259] [DEBUG] index - This Is Dashboard Router
[2023-02-01T11:32:56.324] [INFO] startup - Express server listening on port  8080  with pid  52644
[2023-02-01T11:33:19.115] [DEBUG] index - This Is Auth Router
[2023-02-01T11:33:19.301] [DEBUG] index - This Is Dashboard Router
[2023-02-01T11:33:19.365] [INFO] startup - Express server listening on port  8080  with pid  24272
[2023-02-01T11:33:24.154] [DEBUG] index - This Is Auth Router
[2023-02-01T11:33:24.350] [DEBUG] index - This Is Dashboard Router
[2023-02-01T11:33:24.413] [INFO] startup - Express server listening on port  8080  with pid  58272
[2023-02-01T11:33:25.455] [ERROR] users - Oh noes, something has gone terribly wrong
[2023-02-01T11:33:25.456] [ERROR] app - Something Went Wrong ReferenceError: returnpsts is not defined
    at C:\Users\User1\Desktop\pca\controllers\dashboard.js:32:59
    at process.processTicksAndRejections (node:internal/process/task_queues:95:5) {
  statusCode: 500
}
[2023-02-01T11:33:36.831] [DEBUG] index - This Is Auth Router
[2023-02-01T11:33:37.014] [DEBUG] index - This Is Dashboard Router
[2023-02-01T11:33:37.074] [INFO] startup - Express server listening on port  8080  with pid  41652
[2023-02-01T11:34:53.439] [DEBUG] index - This Is Auth Router
[2023-02-01T11:34:53.650] [DEBUG] index - This Is Dashboard Router
[2023-02-01T11:34:53.713] [INFO] startup - Express server listening on port  8080  with pid  60332
[2023-02-01T11:35:52.787] [DEBUG] index - This Is Auth Router
[2023-02-01T11:35:52.978] [DEBUG] index - This Is Dashboard Router
[2023-02-01T11:35:53.044] [INFO] startup - Express server listening on port  8080  with pid  44392
[2023-02-01T11:36:44.059] [DEBUG] index - This Is Auth Router
[2023-02-01T11:36:44.256] [DEBUG] index - This Is Dashboard Router
[2023-02-01T11:36:44.318] [INFO] startup - Express server listening on port  8080  with pid  45268
[2023-02-01T11:36:49.891] [DEBUG] index - This Is Auth Router
[2023-02-01T11:36:50.122] [DEBUG] index - This Is Dashboard Router
[2023-02-01T11:36:50.191] [INFO] startup - Express server listening on port  8080  with pid  42120
[2023-02-01T11:37:17.652] [DEBUG] index - This Is Auth Router
[2023-02-01T11:37:17.845] [DEBUG] index - This Is Dashboard Router
[2023-02-01T11:37:17.910] [INFO] startup - Express server listening on port  8080  with pid  47016
[2023-02-01T11:37:18.186] [ERROR] error - Oh noes, something has gone terribly wrong
[2023-02-01T11:37:18.187] [ERROR] app - Something Went Wrong ReferenceError: returposts is not defined
    at C:\Users\User1\Desktop\pca\controllers\dashboard.js:32:59
    at process.processTicksAndRejections (node:internal/process/task_queues:95:5) {
  statusCode: 500
}
[2023-02-01T11:37:33.554] [DEBUG] index - This Is Auth Router
[2023-02-01T11:37:33.745] [DEBUG] index - This Is Dashboard Router
[2023-02-01T11:37:33.805] [INFO] startup - Express server listening on port  8080  with pid  46644
[2023-02-01T11:37:35.293] [ERROR] dashboard - Oh noes, something has gone terribly wrong
[2023-02-01T11:37:35.294] [ERROR] app - Something Went Wrong ReferenceError: returposts is not defined
    at C:\Users\User1\Desktop\pca\controllers\dashboard.js:32:59
    at process.processTicksAndRejections (node:internal/process/task_queues:95:5) {
  statusCode: 500
}
[2023-02-01T11:38:26.494] [DEBUG] index - This Is Auth Router
[2023-02-01T11:38:26.682] [DEBUG] index - This Is Dashboard Router
[2023-02-01T11:38:26.743] [INFO] startup - Express server listening on port  8080  with pid  19520
[2023-02-01T11:38:53.344] [DEBUG] index - This Is Auth Router
[2023-02-01T11:38:53.532] [DEBUG] index - This Is Dashboard Router
[2023-02-01T11:38:53.594] [INFO] startup - Express server listening on port  8080  with pid  45360
[2023-02-01T11:39:21.914] [DEBUG] index - This Is Auth Router
[2023-02-01T11:39:22.097] [DEBUG] index - This Is Dashboard Router
[2023-02-01T11:39:22.159] [INFO] startup - Express server listening on port  8080  with pid  41728
[2023-02-01T11:39:41.933] [DEBUG] index - This Is Auth Router
[2023-02-01T11:39:42.123] [DEBUG] index - This Is Dashboard Router
[2023-02-01T11:39:42.184] [INFO] startup - Express server listening on port  8080  with pid  25584
[2023-02-01T11:39:45.586] [ERROR] dashboard - Oh noes, something has gone terribly wrong
[2023-02-01T11:39:45.587] [ERROR] app - Something Went Wrong ReferenceError: returposts is not defined
    at C:\Users\User1\Desktop\pca\controllers\dashboard.js:32:59
    at process.processTicksAndRejections (node:internal/process/task_queues:95:5) {
  statusCode: 500
}
[2023-02-01T11:40:12.713] [DEBUG] index - This Is Auth Router
[2023-02-01T11:40:12.900] [DEBUG] index - This Is Dashboard Router
[2023-02-01T11:40:12.959] [INFO] startup - Express server listening on port  8080  with pid  51892
[2023-02-01T11:42:01.415] [DEBUG] index - This Is Auth Router
[2023-02-01T11:42:01.599] [DEBUG] index - This Is Dashboard Router
[2023-02-01T11:42:01.659] [INFO] startup - Express server listening on port  8080  with pid  48460
[2023-02-01T11:42:24.887] [DEBUG] auth - This Is Auth Router
[2023-02-01T11:42:25.106] [DEBUG] index - This Is Dashboard Router
[2023-02-01T11:42:25.171] [INFO] startup - Express server listening on port  8080  with pid  57372
[2023-02-01T11:42:32.527] [DEBUG] auth - This Is Auth Router
[2023-02-01T11:42:32.725] [DEBUG] dashboard - This Is Dashboard Router
[2023-02-01T11:42:32.794] [INFO] startup - Express server listening on port  8080  with pid  40620
[2023-02-01T11:45:38.703] [DEBUG] auth - This Is Auth Router
[2023-02-01T11:45:38.894] [DEBUG] dashboard - This Is Dashboard Router
[2023-02-01T11:45:38.956] [INFO] startup - Express server listening on port  8080  with pid  58764
[2023-02-01T11:48:54.501] [DEBUG] auth - This Is Auth Router
[2023-02-01T11:48:54.679] [DEBUG] dashboard - This Is Dashboard Router
[2023-02-01T11:48:54.734] [INFO] startup - Express server listening on port  8080  with pid  24876
[2023-02-01T11:53:43.686] [DEBUG] auth - This Is Auth Router
[2023-02-01T11:53:43.870] [DEBUG] dashboard - This Is Dashboard Router
[2023-02-01T11:53:43.937] [INFO] startup - Express server listening on port  8080  with pid  24376
[2023-02-01T11:53:44.289] [ERROR] dashboard - Oh noes, something has gone terribly wrong
[2023-02-01T11:53:44.290] [ERROR] app - Something Went Wrong ReferenceError: retrnposts is not defined
    at C:\Users\User1\Desktop\pca\controllers\dashboard.js:32:59
    at process.processTicksAndRejections (node:internal/process/task_queues:95:5) {
  statusCode: 500
}
[2023-02-01T11:53:59.446] [ERROR] dashboard - Oh noes, something has gone terribly wrong
[2023-02-01T11:53:59.448] [ERROR] app - Something Went Wrong ReferenceError: retrnposts is not defined
    at C:\Users\User1\Desktop\pca\controllers\dashboard.js:32:59
    at process.processTicksAndRejections (node:internal/process/task_queues:95:5) {
  statusCode: 500
}
[2023-02-01T11:57:22.423] [ERROR] dashboard - Oh noes, something has gone terribly wrong
[2023-02-01T11:57:22.423] [ERROR] app - Something Went Wrong ReferenceError: retrnposts is not defined
    at C:\Users\User1\Desktop\pca\controllers\dashboard.js:32:59
    at process.processTicksAndRejections (node:internal/process/task_queues:95:5) {
  statusCode: 500
}
[2023-02-01T11:57:23.653] [ERROR] dashboard - Oh noes, something has gone terribly wrong
[2023-02-01T11:57:23.653] [ERROR] app - Something Went Wrong ReferenceError: retrnposts is not defined
    at C:\Users\User1\Desktop\pca\controllers\dashboard.js:32:59
    at process.processTicksAndRejections (node:internal/process/task_queues:95:5) {
  statusCode: 500
}
[2023-02-01T12:03:44.808] [DEBUG] auth - This Is Auth Router
[2023-02-01T12:03:45.000] [DEBUG] dashboard - This Is Dashboard Router
[2023-02-01T12:03:45.058] [INFO] startup - Express server listening on port  8080  with pid  50624
[2023-02-01T12:20:58.043] [DEBUG] auth - This Is Auth Router
[2023-02-01T12:20:58.435] [DEBUG] dashboard - This Is Dashboard Router
[2023-02-01T12:20:58.517] [INFO] startup - Express server listening on port  8080  with pid  39204
[2023-02-01T12:21:16.704] [DEBUG] auth - This Is Auth Router
[2023-02-01T12:21:16.897] [DEBUG] dashboard - This Is Dashboard Router
[2023-02-01T12:21:16.963] [INFO] startup - Express server listening on port  8080  with pid  9732
[2023-02-01T12:28:20.766] [DEBUG] auth - This Is Auth Router
[2023-02-01T12:28:21.064] [DEBUG] dashboard - This Is Dashboard Router
[2023-02-01T12:28:21.166] [INFO] startup - Express server listening on port  8080  with pid  33360
[2023-02-01T12:28:35.207] [DEBUG] auth - This Is Auth Router
[2023-02-01T12:28:35.529] [DEBUG] dashboard - This Is Dashboard Router
[2023-02-01T12:28:35.629] [INFO] startup - Express server listening on port  8080  with pid  45552
[2023-02-01T12:28:48.125] [ERROR] dashboard - Oh noes, something has gone terribly wrong
[2023-02-01T12:28:48.126] [ERROR] app - Something Went Wrong ReferenceError: reurnposts is not defined
    at C:\Users\User1\Desktop\pca\controllers\dashboard.js:32:59
    at process.processTicksAndRejections (node:internal/process/task_queues:95:5) {
  statusCode: 500
}
[2023-02-01T12:29:02.406] [ERROR] dashboard - Oh noes, something has gone terribly wrong
[2023-02-01T12:29:02.406] [ERROR] app - Something Went Wrong ReferenceError: reurnposts is not defined
    at C:\Users\User1\Desktop\pca\controllers\dashboard.js:32:59
    at process.processTicksAndRejections (node:internal/process/task_queues:95:5) {
  statusCode: 500
}
[2023-02-01T12:29:07.182] [DEBUG] auth - This Is Auth Router
[2023-02-01T12:29:07.491] [DEBUG] dashboard - This Is Dashboard Router
[2023-02-01T12:29:07.575] [INFO] startup - Express server listening on port  8080  with pid  58812
[2023-02-01T12:30:08.608] [DEBUG] auth - This Is Auth Router
[2023-02-01T12:30:08.858] [DEBUG] dashboard - This Is Dashboard Router
[2023-02-01T12:30:08.950] [INFO] startup - Express server listening on port  8080  with pid  54292
[2023-02-01T12:30:11.100] [ERROR] dashboard - Oh noes, something has gone terribly wrong
[2023-02-01T12:30:11.101] [ERROR] app - Something Went Wrong TypeError: Cannot read properties of undefined (reading 'length')
    at C:\Users\User1\Desktop\pca\controllers\dashboard.js:24:36
    at process.processTicksAndRejections (node:internal/process/task_queues:95:5) {
  statusCode: 500
}
[2023-02-01T12:30:15.963] [DEBUG] auth - This Is Auth Router
[2023-02-01T12:30:16.239] [DEBUG] dashboard - This Is Dashboard Router
[2023-02-01T12:30:16.308] [INFO] startup - Express server listening on port  8080  with pid  59732
[2023-02-01T12:30:28.560] [DEBUG] auth - This Is Auth Router
[2023-02-01T12:30:28.809] [DEBUG] dashboard - This Is Dashboard Router
[2023-02-01T12:30:28.879] [INFO] startup - Express server listening on port  8080  with pid  42744
[2023-02-01T12:31:47.510] [DEBUG] auth - This Is Auth Router
[2023-02-01T12:31:47.735] [DEBUG] dashboard - This Is Dashboard Router
[2023-02-01T12:31:47.813] [INFO] startup - Express server listening on port  8080  with pid  38016
[2023-02-01T12:32:00.138] [DEBUG] auth - This Is Auth Router
[2023-02-01T12:32:00.353] [DEBUG] dashboard - This Is Dashboard Router
[2023-02-01T12:32:00.429] [INFO] startup - Express server listening on port  8080  with pid  46768
[2023-02-01T12:33:46.517] [DEBUG] auth - This Is Auth Router
[2023-02-01T12:33:46.853] [DEBUG] dashboard - This Is Dashboard Router
[2023-02-01T12:33:46.929] [INFO] startup - Express server listening on port  8080  with pid  53260
[2023-02-01T12:38:57.341] [DEBUG] auth - This Is Auth Router
[2023-02-01T12:38:57.588] [DEBUG] dashboard - This Is Dashboard Router
[2023-02-01T12:38:57.663] [INFO] startup - Express server listening on port  8080  with pid  38284
[2023-02-01T12:40:11.900] [DEBUG] auth - This Is Auth Router
[2023-02-01T12:40:12.107] [DEBUG] dashboard - This Is Dashboard Router
[2023-02-01T12:40:12.173] [INFO] startup - Express server listening on port  8080  with pid  58668
[2023-02-01T12:42:37.539] [DEBUG] auth - This Is Auth Router
[2023-02-01T12:42:37.814] [DEBUG] dashboard - This Is Dashboard Router
[2023-02-01T12:42:37.884] [INFO] startup - Express server listening on port  8080  with pid  48992
[2023-02-01T12:43:17.432] [DEBUG] auth - This Is Auth Router
[2023-02-01T12:43:17.705] [DEBUG] dashboard - This Is Dashboard Router
[2023-02-01T12:43:17.791] [INFO] startup - Express server listening on port  8080  with pid  8940
[2023-02-01T12:53:04.028] [DEBUG] auth - This Is Auth Router
[2023-02-01T12:53:04.450] [DEBUG] dashboard - This Is Dashboard Router
[2023-02-01T12:53:04.598] [INFO] startup - Express server listening on port  8080  with pid  34012
[2023-02-01T13:00:54.031] [DEBUG] auth - This Is Auth Router
[2023-02-01T13:00:54.449] [DEBUG] dashboard - This Is Dashboard Router
[2023-02-01T13:00:54.628] [INFO] startup - Express server listening on port  8080  with pid  45728
[2023-02-01T13:50:29.355] [DEBUG] auth - This Is Auth Router
[2023-02-01T13:50:29.877] [DEBUG] dashboard - This Is Dashboard Router
[2023-02-01T13:50:30.037] [INFO] startup - Express server listening on port  8080  with pid  54488
[2023-02-01T15:20:06.550] [DEBUG] auth - This Is Auth Router
[2023-02-01T15:20:06.920] [DEBUG] dashboard - This Is Dashboard Router
[2023-02-01T15:21:51.099] [DEBUG] auth - This Is Auth Router
[2023-02-01T15:21:51.477] [DEBUG] dashboard - This Is Dashboard Router
[2023-02-01T15:22:02.639] [DEBUG] auth - This Is Auth Router
[2023-02-01T15:22:03.061] [DEBUG] dashboard - This Is Dashboard Router
[2023-02-01T15:22:13.689] [DEBUG] auth - This Is Auth Router
[2023-02-01T15:22:14.699] [DEBUG] dashboard - This Is Dashboard Router
[2023-02-01T16:05:22.819] [DEBUG] auth - This Is Auth Router
[2023-02-01T16:05:23.187] [DEBUG] dashboard - This Is Dashboard Router
[2023-02-01T16:05:33.870] [DEBUG] auth - This Is Auth Router
[2023-02-01T16:05:34.288] [DEBUG] dashboard - This Is Dashboard Router
[2023-02-01T16:06:18.593] [DEBUG] auth - This Is Auth Router
[2023-02-01T16:06:19.499] [DEBUG] dashboard - This Is Dashboard Router
[2023-02-01T16:13:26.411] [DEBUG] auth - This Is Auth Router
[2023-02-01T16:13:26.905] [DEBUG] dashboard - This Is Dashboard Router
[2023-02-01T16:33:54.809] [DEBUG] auth - This Is Auth Router
[2023-02-01T16:33:55.276] [DEBUG] dashboard - This Is Dashboard Router
[2023-02-01T16:34:45.098] [DEBUG] auth - This Is Auth Router
[2023-02-01T16:34:45.532] [DEBUG] dashboard - This Is Dashboard Router
[2023-02-01T16:37:17.296] [DEBUG] auth - This Is Auth Router
[2023-02-01T16:37:17.743] [DEBUG] dashboard - This Is Dashboard Router
[2023-02-01T16:41:29.266] [DEBUG] auth - This Is Auth Router
[2023-02-01T16:41:29.487] [DEBUG] dashboard - This Is Dashboard Router
[2023-02-02T03:35:41.429] [DEBUG] auth - This Is Auth Router
[2023-02-02T03:35:41.880] [DEBUG] dashboard - This Is Dashboard Router
[2023-02-02T15:14:03.396] [DEBUG] auth - This Is Auth Router
[2023-02-02T15:14:04.100] [DEBUG] dashboard - This Is Dashboard Router
[2023-02-04T15:14:05.553] [DEBUG] auth - This Is Auth Router
[2023-02-04T15:14:06.324] [DEBUG] dashboard - This Is Dashboard Router
[2023-02-05T04:11:05.246] [DEBUG] auth - This Is Auth Router
[2023-02-05T04:11:05.835] [DEBUG] dashboard - This Is Dashboard Router
[2023-02-06T15:14:06.494] [DEBUG] auth - This Is Auth Router
[2023-02-06T15:14:07.184] [DEBUG] dashboard - This Is Dashboard Router
[2023-02-07T04:31:21.048] [DEBUG] auth - This Is Auth Router
[2023-02-07T04:31:21.607] [DEBUG] dashboard - This Is Dashboard Router
[2023-02-07T11:24:28.257] [DEBUG] auth - This Is Auth Router
[2023-02-07T11:24:28.616] [DEBUG] dashboard - This Is Dashboard Router
[2023-02-07T14:10:27.997] [DEBUG] auth - This Is Auth Router
[2023-02-07T14:10:28.533] [DEBUG] dashboard - This Is Dashboard Router
[2023-02-07T14:11:35.789] [DEBUG] auth - This Is Auth Router
[2023-02-07T14:11:37.101] [DEBUG] dashboard - This Is Dashboard Router
[2023-02-08T14:20:30.893] [DEBUG] auth - This Is Auth Router
[2023-02-08T14:20:31.375] [DEBUG] dashboard - This Is Dashboard Router
[2023-02-08T14:25:55.355] [DEBUG] auth - This Is Auth Router
[2023-02-08T14:25:55.969] [DEBUG] dashboard - This Is Dashboard Router
[2023-02-08T14:26:02.238] [DEBUG] auth - This Is Auth Router
[2023-02-08T14:26:03.826] [DEBUG] dashboard - This Is Dashboard Router
[2023-02-08T14:26:20.378] [DEBUG] auth - This Is Auth Router
[2023-02-08T14:26:20.807] [DEBUG] dashboard - This Is Dashboard Router
[2023-02-08T14:36:28.498] [DEBUG] auth - This Is Auth Router
[2023-02-08T14:36:28.810] [DEBUG] dashboard - This Is Dashboard Router
[2023-02-08T14:36:59.922] [DEBUG] auth - This Is Auth Router
[2023-02-08T14:37:00.368] [DEBUG] dashboard - This Is Dashboard Router
[2023-02-08T14:37:23.267] [DEBUG] auth - This Is Auth Router
[2023-02-08T14:37:23.743] [DEBUG] dashboard - This Is Dashboard Router
[2023-02-10T04:47:48.324] [DEBUG] auth - This Is Auth Router
[2023-02-10T04:47:48.905] [DEBUG] dashboard - This Is Dashboard Router
[2023-02-10T10:21:59.209] [DEBUG] auth - This Is Auth Router
[2023-02-10T10:21:59.740] [DEBUG] dashboard - This Is Dashboard Router
[2023-02-10T10:22:05.940] [DEBUG] auth - This Is Auth Router
[2023-02-10T10:22:06.669] [DEBUG] dashboard - This Is Dashboard Router
[2023-02-10T10:23:01.280] [DEBUG] auth - This Is Auth Router
[2023-02-10T10:23:01.851] [DEBUG] dashboard - This Is Dashboard Router
[2023-02-10T10:23:33.556] [DEBUG] auth - This Is Auth Router
[2023-02-10T10:23:34.151] [DEBUG] dashboard - This Is Dashboard Router
[2023-02-10T10:23:34.385] [INFO] startup - Express server listening on port  8080  with pid  42660
[2023-02-10T10:23:43.866] [DEBUG] auth - This Is Auth Router
[2023-02-10T10:23:44.390] [DEBUG] dashboard - This Is Dashboard Router
[2023-02-10T10:23:44.608] [INFO] startup - Express server listening on port  8080  with pid  45492
[2023-02-10T10:24:14.982] [DEBUG] auth - This Is Auth Router
[2023-02-10T10:24:15.989] [DEBUG] dashboard - This Is Dashboard Router
[2023-02-10T10:24:16.271] [INFO] startup - Express server listening on port  8080  with pid  40952
[2023-02-10T10:24:37.884] [DEBUG] auth - This Is Auth Router
[2023-02-10T10:24:38.542] [DEBUG] dashboard - This Is Dashboard Router
[2023-02-10T10:24:38.734] [INFO] startup - Express server listening on port  8080  with pid  17448
[2023-02-10T10:25:04.761] [DEBUG] auth - This Is Auth Router
[2023-02-10T10:25:05.277] [DEBUG] dashboard - This Is Dashboard Router
[2023-02-10T10:25:05.538] [INFO] startup - Express server listening on port  8080  with pid  25852
[2023-02-10T10:25:11.924] [DEBUG] auth - This Is Auth Router
[2023-02-10T10:25:12.363] [DEBUG] dashboard - This Is Dashboard Router
[2023-02-10T10:25:12.679] [INFO] startup - Express server listening on port  8080  with pid  38756
[2023-02-10T10:27:18.671] [DEBUG] auth - This Is Auth Router
[2023-02-10T10:27:19.103] [DEBUG] dashboard - This Is Dashboard Router
[2023-02-10T10:27:19.376] [INFO] startup - Express server listening on port  8080  with pid  11304
[2023-02-10T10:44:45.647] [DEBUG] auth - This Is Auth Router
[2023-02-10T10:44:46.062] [DEBUG] dashboard - This Is Dashboard Router
[2023-02-10T10:44:46.254] [INFO] startup - Express server listening on port  8080  with pid  25760
[2023-02-10T10:45:25.405] [DEBUG] auth - This Is Auth Router
[2023-02-10T10:45:25.996] [DEBUG] dashboard - This Is Dashboard Router
[2023-02-10T10:45:26.223] [INFO] startup - Express server listening on port  8080  with pid  32964
[2023-02-10T10:46:50.356] [DEBUG] auth - This Is Auth Router
[2023-02-10T10:46:50.846] [DEBUG] dashboard - This Is Dashboard Router
[2023-02-10T10:46:51.070] [INFO] startup - Express server listening on port  8080  with pid  49244
[2023-02-10T10:46:54.857] [DEBUG] auth - This Is Auth Router
[2023-02-10T10:46:55.265] [DEBUG] dashboard - This Is Dashboard Router
[2023-02-10T10:46:55.462] [INFO] startup - Express server listening on port  8080  with pid  4120
[2023-02-10T11:04:10.107] [DEBUG] auth - This Is Auth Router
[2023-02-10T11:04:10.855] [DEBUG] dashboard - This Is Dashboard Router
[2023-02-10T11:04:11.096] [INFO] startup - Express server listening on port  8080  with pid  57268
[2023-02-10T11:04:37.490] [DEBUG] auth - This Is Auth Router
[2023-02-10T11:04:38.408] [DEBUG] dashboard - This Is Dashboard Router
[2023-02-10T11:04:38.665] [INFO] startup - Express server listening on port  8080  with pid  39360
[2023-02-10T11:06:27.512] [DEBUG] auth - This Is Auth Router
[2023-02-10T11:06:28.197] [DEBUG] dashboard - This Is Dashboard Router
[2023-02-10T11:06:28.397] [INFO] startup - Express server listening on port  8080  with pid  25960
[2023-02-10T11:06:35.851] [DEBUG] auth - This Is Auth Router
[2023-02-10T11:06:36.367] [DEBUG] dashboard - This Is Dashboard Router
[2023-02-10T11:06:36.615] [INFO] startup - Express server listening on port  8080  with pid  12560
[2023-02-10T11:08:10.315] [DEBUG] auth - This Is Auth Router
[2023-02-10T11:08:10.950] [DEBUG] dashboard - This Is Dashboard Router
[2023-02-10T11:08:11.151] [INFO] startup - Express server listening on port  8080  with pid  36728
[2023-02-10T11:08:41.454] [DEBUG] auth - This Is Auth Router
[2023-02-10T11:08:41.849] [DEBUG] dashboard - This Is Dashboard Router
[2023-02-10T11:08:41.987] [INFO] startup - Express server listening on port  8080  with pid  20112
[2023-02-10T11:17:05.789] [DEBUG] auth - This Is Auth Router
[2023-02-10T11:17:06.359] [DEBUG] dashboard - This Is Dashboard Router
[2023-02-10T11:17:06.573] [INFO] startup - Express server listening on port  8080  with pid  43916
[2023-02-10T11:17:36.867] [DEBUG] auth - This Is Auth Router
[2023-02-10T11:17:37.422] [DEBUG] dashboard - This Is Dashboard Router
[2023-02-10T11:17:37.651] [INFO] startup - Express server listening on port  8080  with pid  5104
[2023-02-10T11:18:01.380] [DEBUG] auth - This Is Auth Router
[2023-02-10T11:18:01.873] [DEBUG] dashboard - This Is Dashboard Router
[2023-02-10T11:18:02.124] [INFO] startup - Express server listening on port  8080  with pid  48328
[2023-02-10T11:30:55.224] [DEBUG] auth - This Is Auth Router
[2023-02-10T11:30:55.816] [DEBUG] dashboard - This Is Dashboard Router
[2023-02-10T11:30:56.010] [INFO] startup - Express server listening on port  8080  with pid  38568
[2023-02-10T11:46:18.369] [DEBUG] auth - This Is Auth Router
[2023-02-10T11:46:18.776] [DEBUG] dashboard - This Is Dashboard Router
[2023-02-10T11:46:18.924] [INFO] startup - Express server listening on port  8080  with pid  28532
[2023-02-10T14:05:35.704] [DEBUG] auth - This Is Auth Router
[2023-02-10T14:05:36.203] [DEBUG] dashboard - This Is Dashboard Router
[2023-02-10T14:05:36.436] [INFO] startup - Express server listening on port  8080  with pid  37904
[2023-02-10T14:06:34.071] [DEBUG] auth - This Is Auth Router
[2023-02-10T14:06:34.715] [DEBUG] dashboard - This Is Dashboard Router
[2023-02-10T14:06:34.932] [INFO] startup - Express server listening on port  8080  with pid  34336
[2023-02-10T14:06:53.383] [DEBUG] auth - This Is Auth Router
[2023-02-10T14:06:53.930] [DEBUG] dashboard - This Is Dashboard Router
[2023-02-10T14:06:54.253] [INFO] startup - Express server listening on port  8080  with pid  25360
[2023-02-10T14:07:58.586] [DEBUG] auth - This Is Auth Router
[2023-02-10T14:07:59.351] [DEBUG] dashboard - This Is Dashboard Router
[2023-02-10T14:07:59.781] [INFO] startup - Express server listening on port  8080  with pid  58612
[2023-02-10T14:08:47.491] [DEBUG] auth - This Is Auth Router
[2023-02-10T14:08:48.278] [DEBUG] dashboard - This Is Dashboard Router
[2023-02-10T14:08:48.506] [INFO] startup - Express server listening on port  8080  with pid  40724
[2023-02-10T14:09:13.100] [DEBUG] auth - This Is Auth Router
[2023-02-10T14:09:13.662] [DEBUG] dashboard - This Is Dashboard Router
[2023-02-10T14:09:13.919] [INFO] startup - Express server listening on port  8080  with pid  48672
[2023-02-10T14:12:08.864] [DEBUG] auth - This Is Auth Router
[2023-02-10T14:12:09.568] [DEBUG] dashboard - This Is Dashboard Router
[2023-02-10T14:12:09.794] [INFO] startup - Express server listening on port  8080  with pid  15404
[2023-02-10T14:12:53.149] [DEBUG] auth - This Is Auth Router
[2023-02-10T14:12:53.740] [DEBUG] dashboard - This Is Dashboard Router
[2023-02-10T14:12:53.942] [INFO] startup - Express server listening on port  8080  with pid  28360
[2023-02-10T14:13:25.023] [DEBUG] auth - This Is Auth Router
[2023-02-10T14:13:25.577] [DEBUG] dashboard - This Is Dashboard Router
[2023-02-10T14:13:25.837] [INFO] startup - Express server listening on port  8080  with pid  40148
[2023-02-10T14:13:28.574] [DEBUG] auth - This Is Auth Router
[2023-02-10T14:13:28.894] [DEBUG] dashboard - This Is Dashboard Router
[2023-02-10T14:13:29.030] [INFO] startup - Express server listening on port  8080  with pid  51364
[2023-02-10T14:14:25.413] [DEBUG] auth - This Is Auth Router
[2023-02-10T14:14:26.047] [DEBUG] dashboard - This Is Dashboard Router
[2023-02-10T14:14:26.277] [INFO] startup - Express server listening on port  8080  with pid  44656
[2023-02-10T14:15:39.015] [DEBUG] auth - This Is Auth Router
[2023-02-10T14:15:39.826] [DEBUG] dashboard - This Is Dashboard Router
[2023-02-10T14:15:40.032] [INFO] startup - Express server listening on port  8080  with pid  53544
[2023-02-10T14:19:40.463] [DEBUG] auth - This Is Auth Router
[2023-02-10T14:19:40.818] [DEBUG] dashboard - This Is Dashboard Router
[2023-02-10T14:19:41.004] [INFO] startup - Express server listening on port  8080  with pid  5640
[2023-02-10T14:21:19.228] [DEBUG] auth - This Is Auth Router
[2023-02-10T14:21:19.857] [DEBUG] dashboard - This Is Dashboard Router
[2023-02-10T14:21:20.072] [INFO] startup - Express server listening on port  8080  with pid  36884
[2023-02-10T14:21:24.623] [DEBUG] auth - This Is Auth Router
[2023-02-10T14:21:25.314] [DEBUG] dashboard - This Is Dashboard Router
[2023-02-10T14:21:25.505] [INFO] startup - Express server listening on port  8080  with pid  1084
[2023-02-10T14:22:40.882] [DEBUG] auth - This Is Auth Router
[2023-02-10T14:22:41.388] [DEBUG] dashboard - This Is Dashboard Router
[2023-02-10T14:22:41.600] [INFO] startup - Express server listening on port  8080  with pid  42564
[2023-02-10T14:25:39.729] [DEBUG] auth - This Is Auth Router
[2023-02-10T14:25:40.298] [DEBUG] dashboard - This Is Dashboard Router
[2023-02-10T14:25:40.501] [INFO] startup - Express server listening on port  8080  with pid  60280
[2023-02-10T14:25:47.878] [DEBUG] auth - This Is Auth Router
[2023-02-10T14:25:48.463] [DEBUG] dashboard - This Is Dashboard Router
[2023-02-10T14:25:48.667] [INFO] startup - Express server listening on port  8080  with pid  38996
[2023-02-10T14:26:23.020] [DEBUG] auth - This Is Auth Router
[2023-02-10T14:26:23.563] [DEBUG] dashboard - This Is Dashboard Router
[2023-02-10T14:26:23.781] [INFO] startup - Express server listening on port  8080  with pid  54692
[2023-02-10T14:27:53.739] [DEBUG] auth - This Is Auth Router
[2023-02-10T14:27:54.217] [DEBUG] dashboard - This Is Dashboard Router
[2023-02-10T14:27:54.439] [INFO] startup - Express server listening on port  8080  with pid  35828
[2023-02-10T14:31:17.324] [DEBUG] auth - This Is Auth Router
[2023-02-10T14:31:17.972] [DEBUG] dashboard - This Is Dashboard Router
[2023-02-10T14:31:18.193] [INFO] startup - Express server listening on port  8080  with pid  47756
[2023-02-10T14:33:26.774] [DEBUG] auth - This Is Auth Router
[2023-02-10T14:33:27.473] [DEBUG] dashboard - This Is Dashboard Router
[2023-02-10T14:33:27.708] [INFO] startup - Express server listening on port  8080  with pid  7756
[2023-02-10T14:34:38.576] [DEBUG] auth - This Is Auth Router
[2023-02-10T14:34:39.089] [DEBUG] dashboard - This Is Dashboard Router
[2023-02-10T14:34:39.374] [INFO] startup - Express server listening on port  8080  with pid  44048
[2023-02-10T14:34:53.333] [DEBUG] auth - This Is Auth Router
[2023-02-10T14:34:53.868] [DEBUG] dashboard - This Is Dashboard Router
[2023-02-10T14:34:54.067] [INFO] startup - Express server listening on port  8080  with pid  59476
[2023-02-10T14:56:12.968] [DEBUG] auth - This Is Auth Router
[2023-02-10T14:56:13.723] [DEBUG] dashboard - This Is Dashboard Router
[2023-02-10T14:56:14.070] [INFO] startup - Express server listening on port  8080  with pid  5828
[2023-02-10T14:56:27.689] [DEBUG] auth - This Is Auth Router
[2023-02-10T14:56:28.304] [DEBUG] dashboard - This Is Dashboard Router
[2023-02-10T14:56:28.564] [INFO] startup - Express server listening on port  8080  with pid  12784
[2023-02-10T14:58:09.426] [DEBUG] auth - This Is Auth Router
[2023-02-10T14:58:09.929] [DEBUG] dashboard - This Is Dashboard Router
[2023-02-10T14:58:10.223] [INFO] startup - Express server listening on port  8080  with pid  38120
[2023-02-10T14:58:21.513] [DEBUG] auth - This Is Auth Router
[2023-02-10T14:58:22.016] [DEBUG] dashboard - This Is Dashboard Router
[2023-02-10T14:58:22.242] [INFO] startup - Express server listening on port  8080  with pid  57244
[2023-02-10T15:06:26.965] [DEBUG] auth - This Is Auth Router
[2023-02-10T15:06:27.701] [DEBUG] dashboard - This Is Dashboard Router
[2023-02-10T15:06:28.017] [INFO] startup - Express server listening on port  8080  with pid  35320
[2023-02-10T15:21:25.310] [DEBUG] auth - This Is Auth Router
[2023-02-10T15:21:25.812] [DEBUG] dashboard - This Is Dashboard Router
[2023-02-10T15:21:26.018] [INFO] startup - Express server listening on port  8080  with pid  32876
[2023-02-10T15:21:28.445] [DEBUG] auth - This Is Auth Router
[2023-02-10T15:21:28.776] [DEBUG] dashboard - This Is Dashboard Router
[2023-02-10T15:21:28.943] [INFO] startup - Express server listening on port  8080  with pid  11964
[2023-02-10T15:21:39.383] [DEBUG] auth - This Is Auth Router
[2023-02-10T15:21:39.940] [DEBUG] dashboard - This Is Dashboard Router
[2023-02-10T15:21:40.143] [INFO] startup - Express server listening on port  8080  with pid  9508
[2023-02-10T15:21:43.824] [DEBUG] auth - This Is Auth Router
[2023-02-10T15:21:44.158] [DEBUG] dashboard - This Is Dashboard Router
[2023-02-10T15:21:44.269] [INFO] startup - Express server listening on port  8080  with pid  50204
[2023-02-10T15:23:12.276] [DEBUG] auth - This Is Auth Router
[2023-02-10T15:23:12.853] [DEBUG] dashboard - This Is Dashboard Router
[2023-02-10T15:23:13.116] [INFO] startup - Express server listening on port  8080  with pid  54340
[2023-02-10T15:28:18.376] [DEBUG] auth - This Is Auth Router
[2023-02-10T15:28:19.092] [DEBUG] dashboard - This Is Dashboard Router
[2023-02-10T15:28:19.317] [INFO] startup - Express server listening on port  8080  with pid  45796
[2023-02-10T15:30:08.861] [DEBUG] auth - This Is Auth Router
[2023-02-10T15:30:09.653] [DEBUG] dashboard - This Is Dashboard Router
[2023-02-10T15:30:09.899] [INFO] startup - Express server listening on port  8080  with pid  33700
[2023-02-10T15:30:20.035] [DEBUG] auth - This Is Auth Router
[2023-02-10T15:30:20.527] [DEBUG] dashboard - This Is Dashboard Router
[2023-02-10T15:30:20.770] [INFO] startup - Express server listening on port  8080  with pid  27660
[2023-02-10T15:31:16.644] [DEBUG] auth - This Is Auth Router
[2023-02-10T15:31:17.338] [DEBUG] dashboard - This Is Dashboard Router
[2023-02-10T15:31:17.538] [INFO] startup - Express server listening on port  8080  with pid  40036
[2023-02-10T15:31:42.203] [DEBUG] auth - This Is Auth Router
[2023-02-10T15:31:42.691] [DEBUG] dashboard - This Is Dashboard Router
[2023-02-10T15:31:42.904] [INFO] startup - Express server listening on port  8080  with pid  55112
[2023-02-10T15:32:33.536] [DEBUG] auth - This Is Auth Router
[2023-02-10T15:32:34.158] [DEBUG] dashboard - This Is Dashboard Router
[2023-02-10T15:32:34.358] [INFO] startup - Express server listening on port  8080  with pid  42244
[2023-02-10T15:33:46.298] [DEBUG] auth - This Is Auth Router
[2023-02-10T15:33:46.754] [DEBUG] dashboard - This Is Dashboard Router
[2023-02-10T15:33:46.976] [INFO] startup - Express server listening on port  8080  with pid  33968
[2023-02-10T15:33:52.266] [DEBUG] auth - This Is Auth Router
[2023-02-10T15:33:52.786] [DEBUG] dashboard - This Is Dashboard Router
[2023-02-10T15:33:53.032] [INFO] startup - Express server listening on port  8080  with pid  57252
[2023-02-10T15:34:10.048] [DEBUG] auth - This Is Auth Router
[2023-02-10T15:34:10.616] [DEBUG] dashboard - This Is Dashboard Router
[2023-02-10T15:34:10.819] [INFO] startup - Express server listening on port  8080  with pid  33604
[2023-02-10T15:34:18.399] [DEBUG] auth - This Is Auth Router
[2023-02-10T15:34:18.904] [DEBUG] dashboard - This Is Dashboard Router
[2023-02-10T15:34:19.140] [INFO] startup - Express server listening on port  8080  with pid  8796
[2023-02-10T15:35:21.432] [DEBUG] auth - This Is Auth Router
[2023-02-10T15:35:21.907] [DEBUG] dashboard - This Is Dashboard Router
[2023-02-10T15:35:22.184] [INFO] startup - Express server listening on port  8080  with pid  17136
[2023-02-10T15:35:59.721] [DEBUG] auth - This Is Auth Router
[2023-02-10T15:36:00.394] [DEBUG] dashboard - This Is Dashboard Router
[2023-02-10T15:36:00.629] [INFO] startup - Express server listening on port  8080  with pid  26388
[2023-02-10T15:36:33.868] [DEBUG] auth - This Is Auth Router
[2023-02-10T15:36:34.558] [DEBUG] dashboard - This Is Dashboard Router
[2023-02-10T15:36:34.813] [INFO] startup - Express server listening on port  8080  with pid  38180
[2023-02-10T15:36:38.512] [DEBUG] auth - This Is Auth Router
[2023-02-10T15:36:38.820] [DEBUG] dashboard - This Is Dashboard Router
[2023-02-10T15:36:38.941] [INFO] startup - Express server listening on port  8080  with pid  8968
[2023-02-10T15:37:19.765] [DEBUG] auth - This Is Auth Router
[2023-02-10T15:37:20.248] [DEBUG] dashboard - This Is Dashboard Router
[2023-02-10T15:37:20.495] [INFO] startup - Express server listening on port  8080  with pid  41892
[2023-02-10T15:38:57.488] [DEBUG] auth - This Is Auth Router
[2023-02-10T15:38:58.252] [DEBUG] dashboard - This Is Dashboard Router
[2023-02-10T15:38:58.514] [INFO] startup - Express server listening on port  8080  with pid  36112
[2023-02-10T15:39:25.714] [ERROR] app - Something Went Wrong Error: You have an error in your SQL syntax; check the manual that corresponds to your MariaDB server version for the right syntax to use near '' at line 1
    at PromisePool.execute (C:\Users\User1\Desktop\pca\node_modules\mysql2\promise.js:359:22)
    at C:\Users\User1\Desktop\pca\controllers\dashboard.js:1522:45
    at process.processTicksAndRejections (node:internal/process/task_queues:95:5) {
  code: 'ER_PARSE_ERROR',
  errno: 1064,
  sql: 'update prodline set done=2 where findoc=? and orderBy=',
  sqlState: '42000',
  sqlMessage: "You have an error in your SQL syntax; check the manual that corresponds to your MariaDB server version for the right syntax to use near '' at line 1",
  statuCode: 500
}
[2023-02-10T15:39:53.000] [DEBUG] auth - This Is Auth Router
[2023-02-10T15:39:53.540] [DEBUG] dashboard - This Is Dashboard Router
[2023-02-10T15:39:53.806] [INFO] startup - Express server listening on port  8080  with pid  44632
[2023-02-10T15:41:27.506] [DEBUG] auth - This Is Auth Router
[2023-02-10T15:41:28.066] [DEBUG] dashboard - This Is Dashboard Router
[2023-02-10T15:41:28.405] [INFO] startup - Express server listening on port  8080  with pid  41796
[2023-02-10T15:48:15.133] [DEBUG] auth - This Is Auth Router
[2023-02-10T15:48:15.752] [DEBUG] dashboard - This Is Dashboard Router
[2023-02-10T15:48:16.020] [INFO] startup - Express server listening on port  8080  with pid  50608
[2023-02-10T15:50:20.262] [DEBUG] auth - This Is Auth Router
[2023-02-10T15:50:20.751] [DEBUG] dashboard - This Is Dashboard Router
[2023-02-10T15:50:21.068] [INFO] startup - Express server listening on port  8080  with pid  57832
[2023-02-10T15:51:07.923] [DEBUG] auth - This Is Auth Router
[2023-02-10T15:51:08.812] [DEBUG] dashboard - This Is Dashboard Router
[2023-02-10T15:51:09.141] [INFO] startup - Express server listening on port  8080  with pid  59928
[2023-02-10T15:51:18.901] [DEBUG] auth - This Is Auth Router
[2023-02-10T15:51:19.495] [DEBUG] dashboard - This Is Dashboard Router
[2023-02-10T15:51:19.697] [INFO] startup - Express server listening on port  8080  with pid  31736
[2023-02-10T15:52:01.751] [DEBUG] auth - This Is Auth Router
[2023-02-10T15:52:02.331] [DEBUG] dashboard - This Is Dashboard Router
[2023-02-10T15:52:02.553] [INFO] startup - Express server listening on port  8080  with pid  30620
[2023-02-10T15:53:04.907] [DEBUG] auth - This Is Auth Router
[2023-02-10T15:53:05.525] [DEBUG] dashboard - This Is Dashboard Router
[2023-02-10T15:53:05.726] [INFO] startup - Express server listening on port  8080  with pid  41468
[2023-02-10T15:53:10.900] [DEBUG] auth - This Is Auth Router
[2023-02-10T15:53:11.490] [DEBUG] dashboard - This Is Dashboard Router
[2023-02-10T15:53:11.691] [INFO] startup - Express server listening on port  8080  with pid  56260
[2023-02-10T15:53:40.906] [DEBUG] auth - This Is Auth Router
[2023-02-10T15:53:41.737] [DEBUG] dashboard - This Is Dashboard Router
[2023-02-10T15:53:41.934] [INFO] startup - Express server listening on port  8080  with pid  48164
[2023-02-10T15:59:25.595] [DEBUG] auth - This Is Auth Router
[2023-02-10T15:59:25.987] [DEBUG] dashboard - This Is Dashboard Router
[2023-02-10T15:59:26.202] [INFO] startup - Express server listening on port  8080  with pid  38672
[2023-02-10T16:02:09.759] [DEBUG] auth - This Is Auth Router
[2023-02-10T16:02:10.513] [DEBUG] dashboard - This Is Dashboard Router
[2023-02-10T16:02:10.767] [INFO] startup - Express server listening on port  8080  with pid  44428
[2023-02-10T16:03:26.702] [DEBUG] auth - This Is Auth Router
[2023-02-10T16:03:27.268] [DEBUG] dashboard - This Is Dashboard Router
[2023-02-10T16:03:27.527] [INFO] startup - Express server listening on port  8080  with pid  57168
[2023-02-10T16:04:28.445] [DEBUG] auth - This Is Auth Router
[2023-02-10T16:04:29.004] [DEBUG] dashboard - This Is Dashboard Router
[2023-02-10T16:04:29.241] [INFO] startup - Express server listening on port  8080  with pid  20280
[2023-02-10T16:04:30.639] [DEBUG] auth - This Is Auth Router
[2023-02-10T16:04:31.092] [DEBUG] dashboard - This Is Dashboard Router
[2023-02-10T16:04:31.313] [INFO] startup - Express server listening on port  8080  with pid  38956
[2023-02-10T16:06:20.369] [DEBUG] auth - This Is Auth Router
[2023-02-10T16:06:21.509] [DEBUG] dashboard - This Is Dashboard Router
[2023-02-10T16:06:21.723] [INFO] startup - Express server listening on port  8080  with pid  43516
[2023-02-10T16:06:28.465] [DEBUG] auth - This Is Auth Router
[2023-02-10T16:06:29.135] [DEBUG] dashboard - This Is Dashboard Router
[2023-02-10T16:06:29.382] [INFO] startup - Express server listening on port  8080  with pid  51352
[2023-02-10T16:06:50.333] [DEBUG] auth - This Is Auth Router
[2023-02-10T16:06:50.762] [DEBUG] dashboard - This Is Dashboard Router
[2023-02-10T16:06:51.005] [INFO] startup - Express server listening on port  8080  with pid  31980
[2023-02-10T16:06:58.696] [DEBUG] auth - This Is Auth Router
[2023-02-10T16:06:59.976] [DEBUG] dashboard - This Is Dashboard Router
[2023-02-10T16:07:00.297] [INFO] startup - Express server listening on port  8080  with pid  16548
[2023-02-10T16:07:34.549] [DEBUG] auth - This Is Auth Router
[2023-02-10T16:07:35.000] [DEBUG] dashboard - This Is Dashboard Router
[2023-02-10T16:07:35.244] [INFO] startup - Express server listening on port  8080  with pid  41132
[2023-02-10T16:07:36.447] [DEBUG] auth - This Is Auth Router
[2023-02-10T16:07:36.727] [DEBUG] dashboard - This Is Dashboard Router
[2023-02-10T16:07:37.025] [INFO] startup - Express server listening on port  8080  with pid  35140
[2023-02-10T16:07:44.623] [DEBUG] auth - This Is Auth Router
[2023-02-10T16:07:45.631] [DEBUG] dashboard - This Is Dashboard Router
[2023-02-10T16:07:45.862] [INFO] startup - Express server listening on port  8080  with pid  17336
[2023-02-10T16:08:26.186] [DEBUG] auth - This Is Auth Router
[2023-02-10T16:08:26.968] [DEBUG] dashboard - This Is Dashboard Router
[2023-02-10T16:08:27.222] [INFO] startup - Express server listening on port  8080  with pid  59304
