[2023-02-01T11:31:51.815] [ERROR] users - Oh noes, something has gone terribly wrong
[2023-02-01T11:33:25.455] [ERROR] users - Oh noes, something has gone terribly wrong
[2023-02-01T11:33:25.456] [ERROR] app - Something Went Wrong ReferenceError: returnpsts is not defined
    at C:\Users\User1\Desktop\pca\controllers\dashboard.js:32:59
    at process.processTicksAndRejections (node:internal/process/task_queues:95:5) {
  statusCode: 500
}
[2023-02-01T11:37:18.186] [ERROR] error - Oh noes, something has gone terribly wrong
[2023-02-01T11:37:18.187] [ERROR] app - Something Went Wrong ReferenceError: returposts is not defined
    at C:\Users\User1\Desktop\pca\controllers\dashboard.js:32:59
    at process.processTicksAndRejections (node:internal/process/task_queues:95:5) {
  statusCode: 500
}
[2023-02-01T11:37:35.293] [ERROR] dashboard - Oh noes, something has gone terribly wrong
[2023-02-01T11:37:35.294] [ERROR] app - Something Went Wrong ReferenceError: returposts is not defined
    at C:\Users\User1\Desktop\pca\controllers\dashboard.js:32:59
    at process.processTicksAndRejections (node:internal/process/task_queues:95:5) {
  statusCode: 500
}
[2023-02-01T11:39:45.586] [ERROR] dashboard - Oh noes, something has gone terribly wrong
[2023-02-01T11:39:45.587] [ERROR] app - Something Went Wrong ReferenceError: returposts is not defined
    at C:\Users\User1\Desktop\pca\controllers\dashboard.js:32:59
    at process.processTicksAndRejections (node:internal/process/task_queues:95:5) {
  statusCode: 500
}
[2023-02-01T11:53:44.289] [ERROR] dashboard - Oh noes, something has gone terribly wrong
[2023-02-01T11:53:44.290] [ERROR] app - Something Went Wrong ReferenceError: retrnposts is not defined
    at C:\Users\User1\Desktop\pca\controllers\dashboard.js:32:59
    at process.processTicksAndRejections (node:internal/process/task_queues:95:5) {
  statusCode: 500
}
[2023-02-01T11:53:59.446] [ERROR] dashboard - Oh noes, something has gone terribly wrong
[2023-02-01T11:53:59.448] [ERROR] app - Something Went Wrong ReferenceError: retrnposts is not defined
    at C:\Users\User1\Desktop\pca\controllers\dashboard.js:32:59
    at process.processTicksAndRejections (node:internal/process/task_queues:95:5) {
  statusCode: 500
}
[2023-02-01T11:57:22.423] [ERROR] dashboard - Oh noes, something has gone terribly wrong
[2023-02-01T11:57:22.423] [ERROR] app - Something Went Wrong ReferenceError: retrnposts is not defined
    at C:\Users\User1\Desktop\pca\controllers\dashboard.js:32:59
    at process.processTicksAndRejections (node:internal/process/task_queues:95:5) {
  statusCode: 500
}
[2023-02-01T11:57:23.653] [ERROR] dashboard - Oh noes, something has gone terribly wrong
[2023-02-01T11:57:23.653] [ERROR] app - Something Went Wrong ReferenceError: retrnposts is not defined
    at C:\Users\User1\Desktop\pca\controllers\dashboard.js:32:59
    at process.processTicksAndRejections (node:internal/process/task_queues:95:5) {
  statusCode: 500
}
[2023-02-01T12:28:48.125] [ERROR] dashboard - Oh noes, something has gone terribly wrong
[2023-02-01T12:28:48.126] [ERROR] app - Something Went Wrong ReferenceError: reurnposts is not defined
    at C:\Users\User1\Desktop\pca\controllers\dashboard.js:32:59
    at process.processTicksAndRejections (node:internal/process/task_queues:95:5) {
  statusCode: 500
}
[2023-02-01T12:29:02.406] [ERROR] dashboard - Oh noes, something has gone terribly wrong
[2023-02-01T12:29:02.406] [ERROR] app - Something Went Wrong ReferenceError: reurnposts is not defined
    at C:\Users\User1\Desktop\pca\controllers\dashboard.js:32:59
    at process.processTicksAndRejections (node:internal/process/task_queues:95:5) {
  statusCode: 500
}
[2023-02-01T12:30:11.100] [ERROR] dashboard - Oh noes, something has gone terribly wrong
[2023-02-01T12:30:11.101] [ERROR] app - Something Went Wrong TypeError: Cannot read properties of undefined (reading 'length')
    at C:\Users\User1\Desktop\pca\controllers\dashboard.js:24:36
    at process.processTicksAndRejections (node:internal/process/task_queues:95:5) {
  statusCode: 500
}
